Using Ninja build system
-- The C compiler identification is GNU 12.2.0
-- The CXX compiler identification is GNU 12.2.0
-- Checking whether C compiler has -isysroot
-- Checking whether C compiler has -isysroot - yes
-- Checking whether C compiler supports OSX deployment target flag
-- Checking whether C compiler supports OSX deployment target flag - yes
-- Detecting C compiler ABI info
-- Detecting C compiler ABI info - done
-- Check for working C compiler: /usr/local/Cellar/gcc/12.2.0/bin/gcc-12 - skipped
-- Detecting C compile features
-- Detecting C compile features - done
-- Checking whether CXX compiler has -isysroot
-- Checking whether CXX compiler has -isysroot - yes
-- Checking whether CXX compiler supports OSX deployment target flag
-- Checking whether CXX compiler supports OSX deployment target flag - yes
-- Detecting CXX compiler ABI info
-- Detecting CXX compiler ABI info - done
-- Check for working CXX compiler: /usr/local/Cellar/gcc/12.2.0/bin/g++-12 - skipped
-- Detecting CXX compile features
-- Detecting CXX compile features - done
-- Found Doxygen: /usr/local/bin/doxygen (found version "1.9.6") found components: doxygen dot 
Doxygen need to be installed to generate the doxygen documentation
-- CMAKE_BUILD_TYPE Debug
-- CMAKE_CXX_COMPILER_ID GNU
-- CMAKE_CXX_COMPILER /usr/local/Cellar/gcc/12.2.0/bin/g++-12
-- Configuring done (2.6s)
-- Generating done (0.0s)
-- Build files have been written to: /Users/dcastro/Git/tau-lang/build-Debug
[1/7] Building CXX object src/CMakeFiles/TAUo.dir/dict.cpp.o
In file included from /Users/dcastro/Git/tau-lang/src/dict.h:13,
                 from /Users/dcastro/Git/tau-lang/src/dict.cpp:13:
/Users/dcastro/Git/tau-lang/src/defs.h:16: warning: "DEBUG" redefined
   16 | #define DEBUG
      | 
<command-line>: note: this is the location of the previous definition
cc1plus: note: unrecognized command-line option '-Wno-parentheses-equality' may have been intended to silence earlier diagnostics
[2/7] Linking CXX static library libTAU.a
[3/7] Linking CXX shared library libTAUso.dylib
[4/7] Building CXX object tests/CMakeFiles/sample_test.dir/sample_test.cpp.o
[5/7] Linking CXX executable sample_test
[6/7] Building CXX object src/CMakeFiles/tau.dir/tau.cpp.o
In file included from /Users/dcastro/Git/tau-lang/src/babdd.h:15,
                 from /Users/dcastro/Git/tau-lang/src/bdd_handle.h:15,
                 from /Users/dcastro/Git/tau-lang/src/msba.h:16,
                 from /Users/dcastro/Git/tau-lang/src/normalizer.h:15,
                 from /Users/dcastro/Git/tau-lang/src/barr.h:16,
                 from /Users/dcastro/Git/tau-lang/src/tau.cpp:14:
/Users/dcastro/Git/tau-lang/src/defs.h:16: warning: "DEBUG" redefined
   16 | #define DEBUG
      | 
<command-line>: note: this is the location of the previous definition
cc1plus: note: unrecognized command-line option '-Wno-parentheses-equality' may have been intended to silence earlier diagnostics
[7/7] Linking CXX executable tau
